<?xml version="1.0" encoding="UTF-8"?>
<!-- Generated by org.testng.reporters.JUnitReportReporter -->
<testsuite skipped="0" hostname="LAPTOP-UFGMCPV8" name="com.jungah.testautomation.selenium.datadirven.testcases.AddCustomerTest" tests="4" failures="0" timestamp="13 May 2019 04:09:03 GMT" time="21.268" errors="0">
  <testcase name="addCustomerTest" time="5.227" classname="com.jungah.testautomation.selenium.datadirven.testcases.AddCustomerTest"/>
  <testcase name="addCustomerTest" time="5.216" classname="com.jungah.testautomation.selenium.datadirven.testcases.AddCustomerTest"/>
  <testcase name="addCustomerTest" time="5.610" classname="com.jungah.testautomation.selenium.datadirven.testcases.AddCustomerTest"/>
  <testcase name="addCustomerTest" time="5.215" classname="com.jungah.testautomation.selenium.datadirven.testcases.AddCustomerTest"/>
</testsuite> <!-- com.jungah.testautomation.selenium.datadirven.testcases.AddCustomerTest -->
