<?xml version="1.0" encoding="UTF-8"?>
<!-- Generated by org.testng.reporters.JUnitReportReporter -->
<testsuite skipped="0" hostname="LAPTOP-UFGMCPV8" name="com.jungah.testautomation.selenium.datadirven.testcases.OpenAccountTest" tests="1" failures="0" timestamp="13 May 2019 04:09:03 GMT" time="0.854" errors="0">
  <testcase name="openAccountTest" time="0.854" classname="com.jungah.testautomation.selenium.datadirven.testcases.OpenAccountTest"/>
</testsuite> <!-- com.jungah.testautomation.selenium.datadirven.testcases.OpenAccountTest -->
